Removed Pin From Net: NetName=PC3 Pin=1-5
Removed Pin From Net: NetName=PA1 Pin=1-6
Removed Pin From Net: NetName=PA3 Pin=1-7
Removed Pin From Net: NetName=PA5 Pin=1-8
Removed Pin From Net: NetName=PA7 Pin=1-9
Removed Pin From Net: NetName=PB1 Pin=1-11
Removed Pin From Net: NetName=PE9 Pin=1-14
Removed Pin From Net: NetName=PE11 Pin=1-15
Removed Pin From Net: NetName=PE13 Pin=1-16
Removed Pin From Net: NetName=SDA_2 Pin=1-18
Removed Pin From Net: NetName=RX_3 Pin=1-21
Removed Pin From Net: NetName=5V Pin=1-27
Removed Pin From Net: NetName=PC0 Pin=1-29
Removed Pin From Net: NetName=PC2 Pin=1-30
Removed Pin From Net: NetName=PA0 Pin=1-31
Removed Pin From Net: NetName=PA2 Pin=1-32
Removed Pin From Net: NetName=PA4 Pin=1-33
Removed Pin From Net: NetName=PA6 Pin=1-34
Removed Pin From Net: NetName=PC4 Pin=1-35
Removed Pin From Net: NetName=SCL_2 Pin=1-42
Removed Pin From Net: NetName=TX_3 Pin=1-45
Removed Pin From Net: NetName=GND Pin=1-51
Removed Pin From Net: NetName=RX_1 Pin=1-72
Removed Pin From Net: NetName=SCL_3 Pin=1-73
Removed Pin From Net: NetName=TX_6 Pin=1-74
Removed Pin From Net: NetName=PE5 Pin=1-82
Removed Pin From Net: NetName=SDA_1 Pin=1-87
Removed Pin From Net: NetName=SCL_1 Pin=1-88
Removed Pin From Net: NetName=K_A Pin=1-89
Removed Pin From Net: NetName=K_B Pin=1-90
Removed Pin From Net: NetName=K_C Pin=1-91
Removed Pin From Net: NetName=K_D Pin=1-92
Removed Pin From Net: NetName=K_1 Pin=1-93
Removed Pin From Net: NetName=K_2 Pin=1-94
Removed Pin From Net: NetName=K_3 Pin=1-95
Removed Pin From Net: NetName=K_4 Pin=1-96
Removed Pin From Net: NetName=TX_1 Pin=1-97
Removed Pin From Net: NetName=SDA_3 Pin=1-98
Removed Pin From Net: NetName=RX_6 Pin=1-99
Removed Member From Class: ClassName=Sheet1 Member=1
Added Component: Designator=*?(MODULE_STM32F4DISCOVERY)
Add component. Clean all parameters for all variants
Added Pin To Net: NetName=PC3 Pin=*?-5
Added Pin To Net: NetName=PA1 Pin=*?-6
Added Pin To Net: NetName=PA3 Pin=*?-7
Added Pin To Net: NetName=PA5 Pin=*?-8
Added Pin To Net: NetName=PA7 Pin=*?-9
Added Pin To Net: NetName=PB1 Pin=*?-11
Added Pin To Net: NetName=PE9 Pin=*?-14
Added Pin To Net: NetName=PE11 Pin=*?-15
Added Pin To Net: NetName=PE13 Pin=*?-16
Added Pin To Net: NetName=SDA_2 Pin=*?-18
Added Pin To Net: NetName=RX_3 Pin=*?-21
Added Pin To Net: NetName=5V Pin=*?-27
Added Pin To Net: NetName=PC0 Pin=*?-29
Added Pin To Net: NetName=PC2 Pin=*?-30
Added Pin To Net: NetName=PA0 Pin=*?-31
Added Pin To Net: NetName=PA2 Pin=*?-32
Added Pin To Net: NetName=PA4 Pin=*?-33
Added Pin To Net: NetName=PA6 Pin=*?-34
Added Pin To Net: NetName=PC4 Pin=*?-35
Added Pin To Net: NetName=SCL_2 Pin=*?-42
Added Pin To Net: NetName=TX_3 Pin=*?-45
Added Pin To Net: NetName=GND Pin=*?-51
Added Pin To Net: NetName=SCL_1 Pin=*?-62
Added Pin To Net: NetName=RX_1 Pin=*?-71
Added Pin To Net: NetName=SCL_3 Pin=*?-73
Added Pin To Net: NetName=TX_6 Pin=*?-74
Added Pin To Net: NetName=PE5 Pin=*?-82
Added Pin To Net: NetName=SDA_1 Pin=*?-87
Added Pin To Net: NetName=K_A Pin=*?-89
Added Pin To Net: NetName=K_B Pin=*?-90
Added Pin To Net: NetName=K_C Pin=*?-91
Added Pin To Net: NetName=K_D Pin=*?-92
Added Pin To Net: NetName=K_1 Pin=*?-93
Added Pin To Net: NetName=K_2 Pin=*?-94
Added Pin To Net: NetName=K_3 Pin=*?-95
Added Pin To Net: NetName=K_4 Pin=*?-96
Added Pin To Net: NetName=TX_1 Pin=*?-97
Added Pin To Net: NetName=SDA_3 Pin=*?-98
Added Pin To Net: NetName=RX_6 Pin=*?-99
Added Member To Class: ClassName=Sheet1 Member=Component *? Component_1
Added Room: Name=Sheet1
