Removed Pin From Net: NetName=RX_3 Pin=*1-22
Removed Pin From Net: NetName=TX_3 Pin=*1-46
Removed Pin From Net: NetName=5V Pin=JP1-1
Removed Pin From Net: NetName=NetD3_1 Pin=JP1-2
Removed Pin From Net: NetName=5V Pin=JP5-1
Removed Pin From Net: NetName=NetD2_1 Pin=JP5-2
Removed Pin From Net: NetName=PE5 Pin=R4-2
Removed Pin From Net: NetName=NetLS2_1 Pin=R5-2
Added Component: Designator=PB13(HDR1X3)
Add component. Clean all parameters for all variants
Add component (AddParameter): Name = "LatestRevisionDate"; Value = "17-Jul-2002"; VariantName = "[No Variations]"
Add component (AddParameter): Name = "LatestRevisionNote"; Value = "Re-released for DXP Platform."; VariantName = "[No Variations]"
Add component (AddParameter): Name = "Publisher"; Value = "Altium Limited"; VariantName = "[No Variations]"
Added Component: Designator=PB15(HDR1X3)
Add component. Clean all parameters for all variants
Add component (AddParameter): Name = "LatestRevisionDate"; Value = "17-Jul-2002"; VariantName = "[No Variations]"
Add component (AddParameter): Name = "LatestRevisionNote"; Value = "Re-released for DXP Platform."; VariantName = "[No Variations]"
Add component (AddParameter): Name = "Publisher"; Value = "Altium Limited"; VariantName = "[No Variations]"
Added Component: Designator=PC5(CON4)
Add component. Clean all parameters for all variants
Add component (AddParameter): Name = "Value"; Value = "Connector 4"; VariantName = "[No Variations]"
Added Component: Designator=PE15(HDR1X3)
Add component. Clean all parameters for all variants
Add component (AddParameter): Name = "LatestRevisionDate"; Value = "17-Jul-2002"; VariantName = "[No Variations]"
Add component (AddParameter): Name = "LatestRevisionNote"; Value = "Re-released for DXP Platform."; VariantName = "[No Variations]"
Add component (AddParameter): Name = "Publisher"; Value = "Altium Limited"; VariantName = "[No Variations]"
Added Pin To Net: NetName=RX_3 Pin=*1-21
Added Pin To Net: NetName=TX_3 Pin=*1-45
Added Pin To Net: NetName=NetD3_1 Pin=JP1-1
Added Pin To Net: NetName=5V Pin=JP1-2
Added Pin To Net: NetName=NetD2_1 Pin=JP5-1
Added Pin To Net: NetName=5V Pin=JP5-2
Added Pin To Net: NetName=5V Pin=PB13-1
Added Pin To Net: NetName=GND Pin=PB13-3
Added Pin To Net: NetName=5V Pin=PB15-1
Added Pin To Net: NetName=GND Pin=PB15-3
Added Pin To Net: NetName=5V Pin=PC5-1
Added Pin To Net: NetName=GND Pin=PC5-2
Added Pin To Net: NetName=5V Pin=PE15-1
Added Pin To Net: NetName=GND Pin=PE15-3
Added Pin To Net: NetName=NetLS2_1 Pin=R4-2
Added Pin To Net: NetName=PE5 Pin=R5-2
Added Pin To Net: NetName=3V3 Pin=U1-2
Added Pin To Net: NetName=Blue LED Pin=*1-48
Added Net: Name=Blue LED
Added Pin To Net: NetName=Green LED Pin=*1-47
Added Net: Name=Green LED
Added Pin To Net: NetName=Orange LED Pin=*1-23
Added Net: Name=Orange LED
Added Pin To Net: NetName=PB13 Pin=*1-19
Added Pin To Net: NetName=PB13 Pin=PB13-2
Added Net: Name=PB13
Added Pin To Net: NetName=PB15 Pin=*1-20
Added Pin To Net: NetName=PB15 Pin=PB15-2
Added Net: Name=PB15
Added Pin To Net: NetName=PC5 Pin=*1-10
Added Pin To Net: NetName=PC5 Pin=PC5-4
Added Net: Name=PC5
Added Pin To Net: NetName=PE15 Pin=*1-17
Added Pin To Net: NetName=PE15 Pin=PE15-2
Added Net: Name=PE15
Added Pin To Net: NetName=Red LED Pin=*1-24
Added Net: Name=Red LED
Added Member To Class: ClassName=Sheet1 Member=Component PB13 Header 3
Added Member To Class: ClassName=Sheet1 Member=Component PB15 Header 3
Added Member To Class: ClassName=Sheet1 Member=Component PC5 
Added Member To Class: ClassName=Sheet1 Member=Component PE15 Header 3
