Change Component Designator: Old Designator=AMS117_module New Designator=AMS1
Change Component Designator: Old Designator=C2 New Designator=C1
Change Component Designator: Old Designator=D2 New Designator=D1
Change Component Designator: Old Designator=JDC2 New Designator=JDC1
Change Component Designator: Old Designator=JP3 New Designator=JP1
Change Component Designator: Old Designator=JP4 New Designator=JP2
Change Component Designator: Old Designator=JP5 New Designator=JP3
Change Component Designator: Old Designator=LED3 New Designator=LED1
Change Component Designator: Old Designator=LED4 New Designator=LED2
Change Component Designator: Old Designator=LS2 New Designator=LS1
Change Component Designator: Old Designator=PA1 New Designator=PA2
Change Component Designator: Old Designator=PA7 New Designator=PA1
Change Component Designator: Old Designator=PC3 New Designator=PC1
Change Component Designator: Old Designator=PD15 New Designator=PD1
Change Component Designator: Old Designator=PE9 New Designator=PE1
Change Component Designator: Old Designator=PE13 New Designator=PE2
Change Component Designator: Old Designator=Q2 New Designator=Q1
Change Component Designator: Old Designator=R6 New Designator=R1
Change Component Designator: Old Designator=R7 New Designator=R2
Change Component Designator: Old Designator=R8 New Designator=R3
Change Component Designator: Old Designator=R9 New Designator=R4
Change Component Designator: Old Designator=R10 New Designator=R5
Change Component Designator: Old Designator=SW4 New Designator=SW1
Change Component Designator: Old Designator=SW5 New Designator=SW2
Change Component Designator: Old Designator=SW6 New Designator=SW3
Change Component Designator: Old Designator=U? New Designator=U1
Change Component Designator: Old Designator=UART_3 New Designator=UART_1
